<?xml version="1.0" encoding="UTF-8"?>
<testng-results ignored="0" total="8" passed="8" failed="0" skipped="0">
  <reporter-output>
  </reporter-output>
  <suite started-at="2024-07-17T07:00:43 EET" name="All Test Suite" finished-at="2024-07-17T07:01:26 EET" duration-ms="42271">
    <groups>
    </groups>
    <test started-at="2024-07-17T07:00:43 EET" name="E:/studies/software_testing/SauceDemoSumerge" finished-at="2024-07-17T07:01:26 EET" duration-ms="42271">
      <class name="tests.LoginPageTest">
        <test-method is-config="true" signature="initializeBrowser()[pri:0, instance:tests.LoginPageTest@4c6e276e]" started-at="2024-07-17T07:00:44 EET" name="initializeBrowser" finished-at="2024-07-17T07:00:50 EET" duration-ms="6897" status="PASS">
          <reporter-output>
          </reporter-output>
        </test-method> <!-- initializeBrowser -->
        <test-method is-config="true" signature="setup()[pri:0, instance:tests.LoginPageTest@4c6e276e]" started-at="2024-07-17T07:00:50 EET" name="setup" finished-at="2024-07-17T07:00:50 EET" duration-ms="41" status="PASS">
          <reporter-output>
          </reporter-output>
        </test-method> <!-- setup -->
        <test-method signature="verifyUsername()[pri:0, instance:tests.LoginPageTest@4c6e276e]" started-at="2024-07-17T07:00:50 EET" name="verifyUsername" finished-at="2024-07-17T07:00:51 EET" duration-ms="84" status="PASS">
          <reporter-output>
          </reporter-output>
        </test-method> <!-- verifyUsername -->
        <test-method is-config="true" signature="tearDown(org.testng.ITestResult)[pri:0, instance:tests.LoginPageTest@4c6e276e]" started-at="2024-07-17T07:00:51 EET" name="tearDown" finished-at="2024-07-17T07:00:51 EET" duration-ms="701" status="PASS">
          <params>
            <param index="0">
              <value>
                <![CDATA[[TestResult name=verifyUsername status=SUCCESS method=LoginPageTest.verifyUsername()[pri:0, instance:tests.LoginPageTest@4c6e276e] output={null}]]]>
              </value>
            </param>
          </params>
          <reporter-output>
          </reporter-output>
        </test-method> <!-- tearDown -->
        <test-method is-config="true" signature="tearDown()[pri:0, instance:tests.LoginPageTest@4c6e276e]" started-at="2024-07-17T07:00:51 EET" name="tearDown" finished-at="2024-07-17T07:00:51 EET" duration-ms="1" status="PASS">
          <reporter-output>
          </reporter-output>
        </test-method> <!-- tearDown -->
        <test-method is-config="true" signature="initializeBrowser()[pri:0, instance:tests.LoginPageTest@4c6e276e]" started-at="2024-07-17T07:00:51 EET" name="initializeBrowser" finished-at="2024-07-17T07:00:55 EET" duration-ms="3970" status="PASS">
          <reporter-output>
          </reporter-output>
        </test-method> <!-- initializeBrowser -->
        <test-method is-config="true" signature="setup()[pri:0, instance:tests.LoginPageTest@4c6e276e]" started-at="2024-07-17T07:00:55 EET" name="setup" finished-at="2024-07-17T07:00:55 EET" duration-ms="3" status="PASS">
          <reporter-output>
          </reporter-output>
        </test-method> <!-- setup -->
        <test-method signature="verifyPassword()[pri:0, instance:tests.LoginPageTest@4c6e276e]" started-at="2024-07-17T07:00:55 EET" name="verifyPassword" finished-at="2024-07-17T07:00:55 EET" duration-ms="95" status="PASS">
          <reporter-output>
          </reporter-output>
        </test-method> <!-- verifyPassword -->
        <test-method is-config="true" signature="tearDown(org.testng.ITestResult)[pri:0, instance:tests.LoginPageTest@4c6e276e]" started-at="2024-07-17T07:00:55 EET" name="tearDown" finished-at="2024-07-17T07:00:56 EET" duration-ms="723" status="PASS">
          <params>
            <param index="0">
              <value>
                <![CDATA[[TestResult name=verifyPassword status=SUCCESS method=LoginPageTest.verifyPassword()[pri:0, instance:tests.LoginPageTest@4c6e276e] output={null}]]]>
              </value>
            </param>
          </params>
          <reporter-output>
          </reporter-output>
        </test-method> <!-- tearDown -->
        <test-method is-config="true" signature="tearDown()[pri:0, instance:tests.LoginPageTest@4c6e276e]" started-at="2024-07-17T07:00:56 EET" name="tearDown" finished-at="2024-07-17T07:00:56 EET" duration-ms="0" status="PASS">
          <reporter-output>
          </reporter-output>
        </test-method> <!-- tearDown -->
        <test-method is-config="true" signature="initializeBrowser()[pri:0, instance:tests.LoginPageTest@4c6e276e]" started-at="2024-07-17T07:00:56 EET" name="initializeBrowser" finished-at="2024-07-17T07:00:59 EET" duration-ms="2752" status="PASS">
          <reporter-output>
          </reporter-output>
        </test-method> <!-- initializeBrowser -->
        <test-method is-config="true" signature="setup()[pri:0, instance:tests.LoginPageTest@4c6e276e]" started-at="2024-07-17T07:00:59 EET" name="setup" finished-at="2024-07-17T07:00:59 EET" duration-ms="3" status="PASS">
          <reporter-output>
          </reporter-output>
        </test-method> <!-- setup -->
        <test-method signature="verifyLoginButton()[pri:0, instance:tests.LoginPageTest@4c6e276e]" started-at="2024-07-17T07:00:59 EET" name="verifyLoginButton" finished-at="2024-07-17T07:00:59 EET" duration-ms="71" status="PASS">
          <reporter-output>
          </reporter-output>
        </test-method> <!-- verifyLoginButton -->
        <test-method is-config="true" signature="tearDown(org.testng.ITestResult)[pri:0, instance:tests.LoginPageTest@4c6e276e]" started-at="2024-07-17T07:00:59 EET" name="tearDown" finished-at="2024-07-17T07:01:00 EET" duration-ms="762" status="PASS">
          <params>
            <param index="0">
              <value>
                <![CDATA[[TestResult name=verifyLoginButton status=SUCCESS method=LoginPageTest.verifyLoginButton()[pri:0, instance:tests.LoginPageTest@4c6e276e] output={null}]]]>
              </value>
            </param>
          </params>
          <reporter-output>
          </reporter-output>
        </test-method> <!-- tearDown -->
        <test-method is-config="true" signature="tearDown()[pri:0, instance:tests.LoginPageTest@4c6e276e]" started-at="2024-07-17T07:01:00 EET" name="tearDown" finished-at="2024-07-17T07:01:00 EET" duration-ms="0" status="PASS">
          <reporter-output>
          </reporter-output>
        </test-method> <!-- tearDown -->
        <test-method is-config="true" signature="initializeBrowser()[pri:0, instance:tests.LoginPageTest@4c6e276e]" started-at="2024-07-17T07:01:00 EET" name="initializeBrowser" finished-at="2024-07-17T07:01:03 EET" duration-ms="3437" status="PASS">
          <reporter-output>
          </reporter-output>
        </test-method> <!-- initializeBrowser -->
        <test-method is-config="true" signature="setup()[pri:0, instance:tests.LoginPageTest@4c6e276e]" started-at="2024-07-17T07:01:03 EET" name="setup" finished-at="2024-07-17T07:01:03 EET" duration-ms="4" status="PASS">
          <reporter-output>
          </reporter-output>
        </test-method> <!-- setup -->
        <test-method signature="loginWithValidCredentials()[pri:0, instance:tests.LoginPageTest@4c6e276e]" started-at="2024-07-17T07:01:03 EET" name="loginWithValidCredentials" finished-at="2024-07-17T07:01:04 EET" duration-ms="826" status="PASS">
          <reporter-output>
          </reporter-output>
        </test-method> <!-- loginWithValidCredentials -->
        <test-method is-config="true" signature="tearDown(org.testng.ITestResult)[pri:0, instance:tests.LoginPageTest@4c6e276e]" started-at="2024-07-17T07:01:04 EET" name="tearDown" finished-at="2024-07-17T07:01:05 EET" duration-ms="759" status="PASS">
          <params>
            <param index="0">
              <value>
                <![CDATA[[TestResult name=loginWithValidCredentials status=SUCCESS method=LoginPageTest.loginWithValidCredentials()[pri:0, instance:tests.LoginPageTest@4c6e276e] output={null}]]]>
              </value>
            </param>
          </params>
          <reporter-output>
          </reporter-output>
        </test-method> <!-- tearDown -->
        <test-method is-config="true" signature="tearDown()[pri:0, instance:tests.LoginPageTest@4c6e276e]" started-at="2024-07-17T07:01:05 EET" name="tearDown" finished-at="2024-07-17T07:01:05 EET" duration-ms="2" status="PASS">
          <reporter-output>
          </reporter-output>
        </test-method> <!-- tearDown -->
        <test-method is-config="true" signature="initializeBrowser()[pri:0, instance:tests.LoginPageTest@4c6e276e]" started-at="2024-07-17T07:01:05 EET" name="initializeBrowser" finished-at="2024-07-17T07:01:08 EET" duration-ms="3320" status="PASS">
          <reporter-output>
          </reporter-output>
        </test-method> <!-- initializeBrowser -->
        <test-method is-config="true" signature="setup()[pri:0, instance:tests.LoginPageTest@4c6e276e]" started-at="2024-07-17T07:01:08 EET" name="setup" finished-at="2024-07-17T07:01:08 EET" duration-ms="3" status="PASS">
          <reporter-output>
          </reporter-output>
        </test-method> <!-- setup -->
        <test-method signature="loginWithInvalidCredentials()[pri:0, instance:tests.LoginPageTest@4c6e276e]" started-at="2024-07-17T07:01:08 EET" name="loginWithInvalidCredentials" finished-at="2024-07-17T07:01:09 EET" duration-ms="585" status="PASS">
          <reporter-output>
          </reporter-output>
        </test-method> <!-- loginWithInvalidCredentials -->
        <test-method is-config="true" signature="tearDown(org.testng.ITestResult)[pri:0, instance:tests.LoginPageTest@4c6e276e]" started-at="2024-07-17T07:01:09 EET" name="tearDown" finished-at="2024-07-17T07:01:09 EET" duration-ms="804" status="PASS">
          <params>
            <param index="0">
              <value>
                <![CDATA[[TestResult name=loginWithInvalidCredentials status=SUCCESS method=LoginPageTest.loginWithInvalidCredentials()[pri:0, instance:tests.LoginPageTest@4c6e276e] output={null}]]]>
              </value>
            </param>
          </params>
          <reporter-output>
          </reporter-output>
        </test-method> <!-- tearDown -->
        <test-method is-config="true" signature="tearDown()[pri:0, instance:tests.LoginPageTest@4c6e276e]" started-at="2024-07-17T07:01:09 EET" name="tearDown" finished-at="2024-07-17T07:01:09 EET" duration-ms="1" status="PASS">
          <reporter-output>
          </reporter-output>
        </test-method> <!-- tearDown -->
        <test-method is-config="true" signature="initializeBrowser()[pri:0, instance:tests.LoginPageTest@4c6e276e]" started-at="2024-07-17T07:01:09 EET" name="initializeBrowser" finished-at="2024-07-17T07:01:14 EET" duration-ms="4128" status="PASS">
          <reporter-output>
          </reporter-output>
        </test-method> <!-- initializeBrowser -->
        <test-method is-config="true" signature="setup()[pri:0, instance:tests.LoginPageTest@4c6e276e]" started-at="2024-07-17T07:01:14 EET" name="setup" finished-at="2024-07-17T07:01:14 EET" duration-ms="5" status="PASS">
          <reporter-output>
          </reporter-output>
        </test-method> <!-- setup -->
        <test-method signature="loginWithBlankUsername()[pri:0, instance:tests.LoginPageTest@4c6e276e]" started-at="2024-07-17T07:01:14 EET" name="loginWithBlankUsername" finished-at="2024-07-17T07:01:15 EET" duration-ms="1846" status="PASS">
          <reporter-output>
          </reporter-output>
        </test-method> <!-- loginWithBlankUsername -->
        <test-method is-config="true" signature="tearDown(org.testng.ITestResult)[pri:0, instance:tests.LoginPageTest@4c6e276e]" started-at="2024-07-17T07:01:15 EET" name="tearDown" finished-at="2024-07-17T07:01:16 EET" duration-ms="832" status="PASS">
          <params>
            <param index="0">
              <value>
                <![CDATA[[TestResult name=loginWithBlankUsername status=SUCCESS method=LoginPageTest.loginWithBlankUsername()[pri:0, instance:tests.LoginPageTest@4c6e276e] output={null}]]]>
              </value>
            </param>
          </params>
          <reporter-output>
          </reporter-output>
        </test-method> <!-- tearDown -->
        <test-method is-config="true" signature="tearDown()[pri:0, instance:tests.LoginPageTest@4c6e276e]" started-at="2024-07-17T07:01:16 EET" name="tearDown" finished-at="2024-07-17T07:01:16 EET" duration-ms="1" status="PASS">
          <reporter-output>
          </reporter-output>
        </test-method> <!-- tearDown -->
        <test-method is-config="true" signature="initializeBrowser()[pri:0, instance:tests.LoginPageTest@4c6e276e]" started-at="2024-07-17T07:01:16 EET" name="initializeBrowser" finished-at="2024-07-17T07:01:19 EET" duration-ms="3145" status="PASS">
          <reporter-output>
          </reporter-output>
        </test-method> <!-- initializeBrowser -->
        <test-method is-config="true" signature="setup()[pri:0, instance:tests.LoginPageTest@4c6e276e]" started-at="2024-07-17T07:01:19 EET" name="setup" finished-at="2024-07-17T07:01:19 EET" duration-ms="1" status="PASS">
          <reporter-output>
          </reporter-output>
        </test-method> <!-- setup -->
        <test-method signature="loginWithBlankPassword()[pri:0, instance:tests.LoginPageTest@4c6e276e]" started-at="2024-07-17T07:01:19 EET" name="loginWithBlankPassword" finished-at="2024-07-17T07:01:20 EET" duration-ms="574" status="PASS">
          <reporter-output>
          </reporter-output>
        </test-method> <!-- loginWithBlankPassword -->
        <test-method is-config="true" signature="tearDown(org.testng.ITestResult)[pri:0, instance:tests.LoginPageTest@4c6e276e]" started-at="2024-07-17T07:01:20 EET" name="tearDown" finished-at="2024-07-17T07:01:21 EET" duration-ms="811" status="PASS">
          <params>
            <param index="0">
              <value>
                <![CDATA[[TestResult name=loginWithBlankPassword status=SUCCESS method=LoginPageTest.loginWithBlankPassword()[pri:0, instance:tests.LoginPageTest@4c6e276e] output={null}]]]>
              </value>
            </param>
          </params>
          <reporter-output>
          </reporter-output>
        </test-method> <!-- tearDown -->
        <test-method is-config="true" signature="tearDown()[pri:0, instance:tests.LoginPageTest@4c6e276e]" started-at="2024-07-17T07:01:21 EET" name="tearDown" finished-at="2024-07-17T07:01:21 EET" duration-ms="1" status="PASS">
          <reporter-output>
          </reporter-output>
        </test-method> <!-- tearDown -->
        <test-method is-config="true" signature="initializeBrowser()[pri:0, instance:tests.LoginPageTest@4c6e276e]" started-at="2024-07-17T07:01:21 EET" name="initializeBrowser" finished-at="2024-07-17T07:01:24 EET" duration-ms="3649" status="PASS">
          <reporter-output>
          </reporter-output>
        </test-method> <!-- initializeBrowser -->
        <test-method is-config="true" signature="setup()[pri:0, instance:tests.LoginPageTest@4c6e276e]" started-at="2024-07-17T07:01:24 EET" name="setup" finished-at="2024-07-17T07:01:24 EET" duration-ms="2" status="PASS">
          <reporter-output>
          </reporter-output>
        </test-method> <!-- setup -->
        <test-method signature="loginWithBlankCredentials()[pri:0, instance:tests.LoginPageTest@4c6e276e]" started-at="2024-07-17T07:01:24 EET" name="loginWithBlankCredentials" finished-at="2024-07-17T07:01:25 EET" duration-ms="531" status="PASS">
          <reporter-output>
          </reporter-output>
        </test-method> <!-- loginWithBlankCredentials -->
        <test-method is-config="true" signature="tearDown(org.testng.ITestResult)[pri:0, instance:tests.LoginPageTest@4c6e276e]" started-at="2024-07-17T07:01:25 EET" name="tearDown" finished-at="2024-07-17T07:01:26 EET" duration-ms="811" status="PASS">
          <params>
            <param index="0">
              <value>
                <![CDATA[[TestResult name=loginWithBlankCredentials status=SUCCESS method=LoginPageTest.loginWithBlankCredentials()[pri:0, instance:tests.LoginPageTest@4c6e276e] output={null}]]]>
              </value>
            </param>
          </params>
          <reporter-output>
          </reporter-output>
        </test-method> <!-- tearDown -->
        <test-method is-config="true" signature="tearDown()[pri:0, instance:tests.LoginPageTest@4c6e276e]" started-at="2024-07-17T07:01:26 EET" name="tearDown" finished-at="2024-07-17T07:01:26 EET" duration-ms="2" status="PASS">
          <reporter-output>
          </reporter-output>
        </test-method> <!-- tearDown -->
      </class> <!-- tests.LoginPageTest -->
    </test> <!-- E:/studies/software_testing/SauceDemoSumerge -->
  </suite> <!-- All Test Suite -->
</testng-results>
